{"/Users/naeem/Test/FirstVet/src/app.ts": {"path":"/Users/naeem/Test/FirstVet/src/app.ts","statementMap":{"0":{"start":{"line":1,"column":0},"end":{"line":1,"column":49}},"1":{"start":{"line":3,"column":13},"end":{"line":3,"column":36}},"2":{"start":{"line":5,"column":30},"end":{"line":10,"column":1}},"3":{"start":{"line":6,"column":1},"end":{"line":9,"column":4}},"4":{"start":{"line":13,"column":25},"end":{"line":23,"column":1}},"5":{"start":{"line":14,"column":1},"end":{"line":22,"column":4}},"6":{"start":{"line":15,"column":2},"end":{"line":21,"column":4}},"7":{"start":{"line":26,"column":20},"end":{"line":29,"column":1}},"8":{"start":{"line":27,"column":36},"end":{"line":27,"column":58}},"9":{"start":{"line":28,"column":1},"end":{"line":28,"column":29}},"10":{"start":{"line":31,"column":0},"end":{"line":31,"column":14}}},"fnMap":{"0":{"name":"(anonymous_1)","decl":{"start":{"line":5,"column":30},"end":{"line":5,"column":31}},"loc":{"start":{"line":5,"column":56},"end":{"line":10,"column":1}}},"1":{"name":"(anonymous_2)","decl":{"start":{"line":13,"column":25},"end":{"line":13,"column":26}},"loc":{"start":{"line":13,"column":59},"end":{"line":23,"column":1}}},"2":{"name":"(anonymous_3)","decl":{"start":{"line":14,"column":22},"end":{"line":14,"column":23}},"loc":{"start":{"line":14,"column":38},"end":{"line":22,"column":2}}},"3":{"name":"(anonymous_4)","decl":{"start":{"line":26,"column":20},"end":{"line":26,"column":23}},"loc":{"start":{"line":26,"column":25},"end":{"line":29,"column":1}}}},"branchMap":{},"s":{"0":0,"1":0,"2":0,"3":0,"4":0,"5":0,"6":0,"7":0,"8":0,"9":0,"10":0},"f":{"0":0,"1":0,"2":0,"3":0},"b":{}}
,"/Users/naeem/Test/FirstVet/src/appointments.ts": {"path":"/Users/naeem/Test/FirstVet/src/appointments.ts","statementMap":{"0":{"start":{"line":3,"column":25},"end":{"line":55,"column":1}},"1":{"start":{"line":4,"column":39},"end":{"line":4,"column":41}},"2":{"start":{"line":5,"column":1},"end":{"line":51,"column":4}},"3":{"start":{"line":6,"column":29},"end":{"line":6,"column":94}},"4":{"start":{"line":7,"column":27},"end":{"line":7,"column":88}},"5":{"start":{"line":9,"column":15},"end":{"line":26,"column":4}},"6":{"start":{"line":29,"column":2},"end":{"line":29,"column":62}},"7":{"start":{"line":29,"column":43},"end":{"line":29,"column":60}},"8":{"start":{"line":31,"column":33},"end":{"line":31,"column":70}},"9":{"start":{"line":32,"column":2},"end":{"line":50,"column":null}},"10":{"start":{"line":33,"column":20},"end":{"line":33,"column":38}},"11":{"start":{"line":34,"column":20},"end":{"line":34,"column":36}},"12":{"start":{"line":35,"column":19},"end":{"line":35,"column":64}},"13":{"start":{"line":36,"column":3},"end":{"line":49,"column":null}},"14":{"start":{"line":38,"column":19},"end":{"line":38,"column":87}},"15":{"start":{"line":38,"column":49},"end":{"line":38,"column":86}},"16":{"start":{"line":39,"column":4},"end":{"line":46,"column":null}},"17":{"start":{"line":40,"column":5},"end":{"line":45,"column":8}},"18":{"start":{"line":47,"column":4},"end":{"line":47,"column":27}},"19":{"start":{"line":48,"column":4},"end":{"line":48,"column":62}},"20":{"start":{"line":54,"column":1},"end":{"line":54,"column":95}},"21":{"start":{"line":54,"column":36},"end":{"line":54,"column":93}},"22":{"start":{"line":57,"column":0},"end":{"line":57,"column":32}}},"fnMap":{"0":{"name":"(anonymous_0)","decl":{"start":{"line":3,"column":25},"end":{"line":3,"column":26}},"loc":{"start":{"line":3,"column":53},"end":{"line":55,"column":1}}},"1":{"name":"(anonymous_1)","decl":{"start":{"line":5,"column":14},"end":{"line":5,"column":15}},"loc":{"start":{"line":5,"column":44},"end":{"line":51,"column":2}}},"2":{"name":"(anonymous_2)","decl":{"start":{"line":29,"column":25},"end":{"line":29,"column":26}},"loc":{"start":{"line":29,"column":43},"end":{"line":29,"column":60}}},"3":{"name":"(anonymous_3)","decl":{"start":{"line":38,"column":31},"end":{"line":38,"column":32}},"loc":{"start":{"line":38,"column":49},"end":{"line":38,"column":86}}},"4":{"name":"(anonymous_4)","decl":{"start":{"line":54,"column":26},"end":{"line":54,"column":27}},"loc":{"start":{"line":54,"column":36},"end":{"line":54,"column":93}}}},"branchMap":{"0":{"loc":{"start":{"line":32,"column":2},"end":{"line":50,"column":null}},"type":"if","locations":[{"start":{"line":32,"column":2},"end":{"line":50,"column":null}}]},"1":{"loc":{"start":{"line":38,"column":49},"end":{"line":38,"column":86}},"type":"binary-expr","locations":[{"start":{"line":38,"column":49},"end":{"line":38,"column":66}},{"start":{"line":38,"column":70},"end":{"line":38,"column":86}}]},"2":{"loc":{"start":{"line":39,"column":4},"end":{"line":46,"column":null}},"type":"if","locations":[{"start":{"line":39,"column":4},"end":{"line":46,"column":null}}]}},"s":{"0":1,"1":1,"2":1,"3":1,"4":1,"5":1,"6":1,"7":4,"8":1,"9":1,"10":1,"11":1,"12":1,"13":1,"14":18,"15":18,"16":18,"17":0,"18":18,"19":18,"20":1,"21":0,"22":1},"f":{"0":1,"1":1,"2":4,"3":18,"4":0},"b":{"0":[1],"1":[18,18],"2":[0]}}
}
