TN:
SF:src/app.ts
FN:5,(anonymous_1)
FN:13,(anonymous_2)
FN:14,(anonymous_3)
FN:26,(anonymous_4)
FNF:4
FNH:0
FNDA:0,(anonymous_1)
FNDA:0,(anonymous_2)
FNDA:0,(anonymous_3)
FNDA:0,(anonymous_4)
DA:1,0
DA:3,0
DA:5,0
DA:6,0
DA:13,0
DA:14,0
DA:15,0
DA:26,0
DA:27,0
DA:28,0
DA:31,0
LF:11
LH:0
BRF:0
BRH:0
end_of_record
TN:
SF:src/appointments.ts
FN:3,(anonymous_0)
FN:5,(anonymous_1)
FN:29,(anonymous_2)
FN:38,(anonymous_3)
FN:54,(anonymous_4)
FNF:5
FNH:4
FNDA:1,(anonymous_0)
FNDA:1,(anonymous_1)
FNDA:4,(anonymous_2)
FNDA:18,(anonymous_3)
FNDA:0,(anonymous_4)
DA:3,1
DA:4,1
DA:5,1
DA:6,1
DA:7,1
DA:9,1
DA:29,4
DA:31,1
DA:32,1
DA:33,1
DA:34,1
DA:35,1
DA:36,1
DA:38,18
DA:39,18
DA:40,0
DA:47,18
DA:48,18
DA:54,1
DA:57,1
LF:20
LH:19
BRDA:32,0,0,1
BRDA:38,1,0,18
BRDA:38,1,1,18
BRDA:39,2,0,0
BRF:4
BRH:3
end_of_record
